[0.040s] Invoking command in '/home/mjavadzallaghi/bookros2/ros2humble_learningRepo/build/my_package': CMAKE_PREFIX_PATH=/opt/ros/humble /usr/bin/cmake /home/mjavadzallaghi/bookros2/ros2humble_learningRepo/src/my_package -DAMENT_CMAKE_SYMLINK_INSTALL=1 -DCMAKE_INSTALL_PREFIX=/home/mjavadzallaghi/bookros2/ros2humble_learningRepo/install/my_package
[1.440s] -- The C compiler identification is GNU 11.3.0
[3.197s] -- The CXX compiler identification is GNU 11.3.0
[3.422s] -- Detecting C compiler ABI info
[3.845s] -- Detecting C compiler ABI info - done
[3.859s] -- Check for working C compiler: /usr/bin/cc - skipped
[3.861s] -- Detecting C compile features
[3.902s] -- Detecting C compile features - done
[3.967s] -- Detecting CXX compiler ABI info
[4.296s] -- Detecting CXX compiler ABI info - done
[4.309s] -- Check for working CXX compiler: /usr/bin/c++ - skipped
[4.309s] -- Detecting CXX compile features
[4.310s] -- Detecting CXX compile features - done
[4.421s] -- Found ament_cmake: 1.3.3 (/opt/ros/humble/share/ament_cmake/cmake)
[5.083s] -- Found Python3: /usr/bin/python3.10 (found version "3.10.6") found components: Interpreter 
[5.486s] -- Override CMake install command with custom implementation using symlinks instead of copying resources
[5.839s] -- Found rclcpp: 16.0.3 (/opt/ros/humble/share/rclcpp/cmake)
[6.710s] -- Found rosidl_generator_c: 3.1.4 (/opt/ros/humble/share/rosidl_generator_c/cmake)
[6.808s] -- Found rosidl_adapter: 3.1.4 (/opt/ros/humble/share/rosidl_adapter/cmake)
[6.902s] -- Found rosidl_generator_cpp: 3.1.4 (/opt/ros/humble/share/rosidl_generator_cpp/cmake)
[7.145s] -- Using all available rosidl_typesupport_c: rosidl_typesupport_fastrtps_c;rosidl_typesupport_introspection_c
[7.555s] -- Using all available rosidl_typesupport_cpp: rosidl_typesupport_fastrtps_cpp;rosidl_typesupport_introspection_cpp
[8.137s] -- Found rmw_implementation_cmake: 6.1.1 (/opt/ros/humble/share/rmw_implementation_cmake/cmake)
[8.153s] -- Found rmw_fastrtps_cpp: 6.2.2 (/opt/ros/humble/share/rmw_fastrtps_cpp/cmake)
[9.043s] -- Found OpenSSL: /usr/lib/x86_64-linux-gnu/libcrypto.so (found version "3.0.2")  
[9.138s] -- Found FastRTPS: /opt/ros/humble/include  
[9.272s] -- Using RMW implementation 'rmw_fastrtps_cpp' as default
[9.651s] -- Looking for pthread.h
[10.318s] -- Looking for pthread.h - found
[10.318s] -- Performing Test CMAKE_HAVE_LIBC_PTHREAD
[10.562s] -- Performing Test CMAKE_HAVE_LIBC_PTHREAD - Success
[10.564s] -- Found Threads: TRUE  
[11.229s] -- Found ament_lint_auto: 0.12.5 (/opt/ros/humble/share/ament_lint_auto/cmake)
[11.388s] [31mCMake Error at /opt/ros/humble/share/ament_cmake_core/cmake/core/ament_package_xml.cmake:53 (message):
[11.388s]   ament_package_xml() package name 'my_package' in '/package.xml' does not
[11.389s]   match current PROJECT_NAME 'basics'.  You must call project() with the same
[11.389s]   package name before.
[11.389s] Call Stack (most recent call first):
[11.389s]   /opt/ros/humble/share/ament_lint_auto/cmake/ament_lint_auto_find_test_dependencies.cmake:31 (ament_package_xml)
[11.389s]   CMakeLists.txt:32 (ament_lint_auto_find_test_dependencies)
[11.389s] 
[11.390s] [0m
[11.391s] -- Configuring incomplete, errors occurred!
[11.392s] See also "/home/mjavadzallaghi/bookros2/ros2humble_learningRepo/build/my_package/CMakeFiles/CMakeOutput.log".
[11.405s] Invoked command in '/home/mjavadzallaghi/bookros2/ros2humble_learningRepo/build/my_package' returned '1': CMAKE_PREFIX_PATH=/opt/ros/humble /usr/bin/cmake /home/mjavadzallaghi/bookros2/ros2humble_learningRepo/src/my_package -DAMENT_CMAKE_SYMLINK_INSTALL=1 -DCMAKE_INSTALL_PREFIX=/home/mjavadzallaghi/bookros2/ros2humble_learningRepo/install/my_package
