[0.236s] Invoking command in '/home/mjavadzallaghi/bookros2/ros2humble_learningRepo/build/br2_basics': CMAKE_PREFIX_PATH=${CMAKE_PREFIX_PATH}:/opt/ros/humble /usr/bin/cmake /home/mjavadzallaghi/bookros2/ros2humble_learningRepo/src/br2_basics -DAMENT_CMAKE_SYMLINK_INSTALL=1 -DCMAKE_INSTALL_PREFIX=/home/mjavadzallaghi/bookros2/ros2humble_learningRepo/install/br2_basics
[4.773s] -- The C compiler identification is GNU 11.3.0
[7.218s] -- The CXX compiler identification is GNU 11.3.0
[7.375s] -- Detecting C compiler ABI info
[7.767s] -- Detecting C compiler ABI info - done
[7.781s] -- Check for working C compiler: /usr/bin/cc - skipped
[7.782s] -- Detecting C compile features
[7.803s] -- Detecting C compile features - done
[7.821s] -- Detecting CXX compiler ABI info
[8.075s] -- Detecting CXX compiler ABI info - done
[8.107s] -- Check for working CXX compiler: /usr/bin/c++ - skipped
[8.108s] -- Detecting CXX compile features
[8.108s] -- Detecting CXX compile features - done
[8.147s] -- Found ament_cmake: 1.3.3 (/opt/ros/humble/share/ament_cmake/cmake)
[8.665s] -- Found Python3: /usr/bin/python3.10 (found version "3.10.6") found components: Interpreter 
[8.937s] -- Override CMake install command with custom implementation using symlinks instead of copying resources
[9.422s] -- Found rclcpp: 16.0.3 (/opt/ros/humble/share/rclcpp/cmake)
[10.043s] -- Found rosidl_generator_c: 3.1.4 (/opt/ros/humble/share/rosidl_generator_c/cmake)
[10.165s] -- Found rosidl_adapter: 3.1.4 (/opt/ros/humble/share/rosidl_adapter/cmake)
[10.250s] -- Found rosidl_generator_cpp: 3.1.4 (/opt/ros/humble/share/rosidl_generator_cpp/cmake)
[10.395s] -- Using all available rosidl_typesupport_c: rosidl_typesupport_fastrtps_c;rosidl_typesupport_introspection_c
[10.591s] -- Using all available rosidl_typesupport_cpp: rosidl_typesupport_fastrtps_cpp;rosidl_typesupport_introspection_cpp
[11.045s] -- Found rmw_implementation_cmake: 6.1.1 (/opt/ros/humble/share/rmw_implementation_cmake/cmake)
[11.093s] -- Found rmw_fastrtps_cpp: 6.2.2 (/opt/ros/humble/share/rmw_fastrtps_cpp/cmake)
[11.782s] -- Found OpenSSL: /usr/lib/x86_64-linux-gnu/libcrypto.so (found version "3.0.2")  
[11.865s] -- Found FastRTPS: /opt/ros/humble/include  
[12.003s] -- Using RMW implementation 'rmw_fastrtps_cpp' as default
[12.130s] -- Looking for pthread.h
[12.546s] -- Looking for pthread.h - found
[12.546s] -- Performing Test CMAKE_HAVE_LIBC_PTHREAD
[12.860s] -- Performing Test CMAKE_HAVE_LIBC_PTHREAD - Success
[12.862s] -- Found Threads: TRUE  
[13.596s] -- Found ament_lint_auto: 0.12.5 (/opt/ros/humble/share/ament_lint_auto/cmake)
[13.908s] -- Added test 'copyright' to check source files copyright and LICENSE
[13.910s] -- Added test 'cppcheck' to perform static code analysis on C / C++ code
[13.911s] -- Configured cppcheck include dirs: 
[13.911s] -- Configured cppcheck exclude dirs and/or files: 
[13.941s] -- Added test 'cpplint' to check C / C++ code against the Google style
[13.942s] -- Configured cpplint exclude dirs and/or files: 
[13.948s] -- Added test 'flake8' to check Python code syntax and style conventions
[13.950s] -- Added test 'lint_cmake' to check CMake code style
[13.953s] -- Added test 'pep257' to check Python code against some of the docstring style conventions in PEP 257
[13.958s] -- Added test 'uncrustify' to check C / C++ code style
[13.959s] -- Configured uncrustify additional arguments: 
[13.961s] -- Added test 'xmllint' to check XML markup files
[13.971s] -- Configuring done
[14.099s] -- Generating done
[14.099s] -- Build files have been written to: /home/mjavadzallaghi/bookros2/ros2humble_learningRepo/build/br2_basics
[14.123s] Invoked command in '/home/mjavadzallaghi/bookros2/ros2humble_learningRepo/build/br2_basics' returned '0': CMAKE_PREFIX_PATH=${CMAKE_PREFIX_PATH}:/opt/ros/humble /usr/bin/cmake /home/mjavadzallaghi/bookros2/ros2humble_learningRepo/src/br2_basics -DAMENT_CMAKE_SYMLINK_INSTALL=1 -DCMAKE_INSTALL_PREFIX=/home/mjavadzallaghi/bookros2/ros2humble_learningRepo/install/br2_basics
[14.123s] Invoking command in '/home/mjavadzallaghi/bookros2/ros2humble_learningRepo/build/br2_basics': CMAKE_PREFIX_PATH=${CMAKE_PREFIX_PATH}:/opt/ros/humble /usr/bin/cmake --build /home/mjavadzallaghi/bookros2/ros2humble_learningRepo/build/br2_basics -- -j2 -l2
[14.254s] [ 14%] [32mBuilding CXX object CMakeFiles/publisher.dir/src/publisher.cpp.o[0m
[14.257s] [ 14%] [32mBuilding CXX object CMakeFiles/publisher_class.dir/src/publisher_class.cpp.o[0m
[32.786s] [ 21%] [32m[1mLinking CXX executable publisher[0m
[32.914s] [ 28%] [32m[1mLinking CXX executable publisher_class[0m
[34.089s] [ 28%] Built target publisher
[34.099s] [ 28%] Built target publisher_class
[34.190s] [ 35%] [32mBuilding CXX object CMakeFiles/subscriber_class.dir/src/subscriber_class.cpp.o[0m
[34.254s] [ 42%] [32mBuilding CXX object CMakeFiles/executors.dir/src/executors.cpp.o[0m
[53.567s] [ 50%] [32m[1mLinking CXX executable subscriber_class[0m
[54.290s] [ 50%] Built target subscriber_class
[55.029s] [ 57%] [32m[1mLinking CXX executable executors[0m
[55.734s] [ 57%] Built target executors
[55.795s] [ 64%] [32mBuilding CXX object CMakeFiles/logger.dir/src/logger.cpp.o[0m
[61.069s] [ 71%] [32m[1mLinking CXX executable logger[0m
[61.347s] [ 71%] Built target logger
[61.403s] [ 78%] [32mBuilding CXX object CMakeFiles/logger_class.dir/src/logger_class.cpp.o[0m
[66.281s] [ 85%] [32m[1mLinking CXX executable logger_class[0m
[66.572s] [ 85%] Built target logger_class
[66.618s] [ 92%] [32mBuilding CXX object CMakeFiles/param_reader.dir/src/param_reader.cpp.o[0m
[72.674s] [100%] [32m[1mLinking CXX executable param_reader[0m
[72.967s] [100%] Built target param_reader
[72.994s] Invoked command in '/home/mjavadzallaghi/bookros2/ros2humble_learningRepo/build/br2_basics' returned '0': CMAKE_PREFIX_PATH=${CMAKE_PREFIX_PATH}:/opt/ros/humble /usr/bin/cmake --build /home/mjavadzallaghi/bookros2/ros2humble_learningRepo/build/br2_basics -- -j2 -l2
[73.211s] Invoking command in '/home/mjavadzallaghi/bookros2/ros2humble_learningRepo/build/br2_basics': CMAKE_PREFIX_PATH=${CMAKE_PREFIX_PATH}:/opt/ros/humble /usr/bin/cmake --install /home/mjavadzallaghi/bookros2/ros2humble_learningRepo/build/br2_basics
[73.227s] -- Install configuration: ""
[73.228s] -- Execute custom install script
[73.231s] -- Symlinking: /home/mjavadzallaghi/bookros2/ros2humble_learningRepo/install/br2_basics/lib/br2_basics/publisher
[73.256s] -- Symlinking: /home/mjavadzallaghi/bookros2/ros2humble_learningRepo/install/br2_basics/lib/br2_basics/publisher_class
[73.274s] -- Symlinking: /home/mjavadzallaghi/bookros2/ros2humble_learningRepo/install/br2_basics/lib/br2_basics/subscriber_class
[73.290s] -- Symlinking: /home/mjavadzallaghi/bookros2/ros2humble_learningRepo/install/br2_basics/lib/br2_basics/executors
[73.308s] -- Symlinking: /home/mjavadzallaghi/bookros2/ros2humble_learningRepo/install/br2_basics/lib/br2_basics/logger
[73.325s] -- Symlinking: /home/mjavadzallaghi/bookros2/ros2humble_learningRepo/install/br2_basics/lib/br2_basics/logger_class
[73.341s] -- Symlinking: /home/mjavadzallaghi/bookros2/ros2humble_learningRepo/install/br2_basics/lib/br2_basics/param_reader
[73.359s] -- Symlinking: /home/mjavadzallaghi/bookros2/ros2humble_learningRepo/install/br2_basics/share/br2_basics/launch/includer_launch.py
[73.375s] -- Symlinking: /home/mjavadzallaghi/bookros2/ros2humble_learningRepo/install/br2_basics/share/br2_basics/launch/param_node_v1_launch.py
[73.390s] -- Symlinking: /home/mjavadzallaghi/bookros2/ros2humble_learningRepo/install/br2_basics/share/br2_basics/launch/param_node_v2_launch.py
[73.410s] -- Symlinking: /home/mjavadzallaghi/bookros2/ros2humble_learningRepo/install/br2_basics/share/br2_basics/launch/pub_sub_v1_launch.py
[73.440s] -- Symlinking: /home/mjavadzallaghi/bookros2/ros2humble_learningRepo/install/br2_basics/share/br2_basics/launch/pub_sub_v2_launch.py
[73.469s] -- Symlinking: /home/mjavadzallaghi/bookros2/ros2humble_learningRepo/install/br2_basics/share/br2_basics/config/params.yaml
[73.487s] -- Symlinking: /home/mjavadzallaghi/bookros2/ros2humble_learningRepo/install/br2_basics/share/ament_index/resource_index/package_run_dependencies/br2_basics
[73.501s] -- Symlinking: /home/mjavadzallaghi/bookros2/ros2humble_learningRepo/install/br2_basics/share/ament_index/resource_index/parent_prefix_path/br2_basics
[73.516s] -- Symlinking: /home/mjavadzallaghi/bookros2/ros2humble_learningRepo/install/br2_basics/share/br2_basics/environment/ament_prefix_path.sh
[73.530s] -- Symlinking: /home/mjavadzallaghi/bookros2/ros2humble_learningRepo/install/br2_basics/share/br2_basics/environment/ament_prefix_path.dsv
[73.557s] -- Symlinking: /home/mjavadzallaghi/bookros2/ros2humble_learningRepo/install/br2_basics/share/br2_basics/environment/path.sh
[73.570s] -- Symlinking: /home/mjavadzallaghi/bookros2/ros2humble_learningRepo/install/br2_basics/share/br2_basics/environment/path.dsv
[73.585s] -- Symlinking: /home/mjavadzallaghi/bookros2/ros2humble_learningRepo/install/br2_basics/share/br2_basics/local_setup.bash
[73.601s] -- Symlinking: /home/mjavadzallaghi/bookros2/ros2humble_learningRepo/install/br2_basics/share/br2_basics/local_setup.sh
[73.616s] -- Symlinking: /home/mjavadzallaghi/bookros2/ros2humble_learningRepo/install/br2_basics/share/br2_basics/local_setup.zsh
[73.631s] -- Symlinking: /home/mjavadzallaghi/bookros2/ros2humble_learningRepo/install/br2_basics/share/br2_basics/local_setup.dsv
[73.654s] -- Symlinking: /home/mjavadzallaghi/bookros2/ros2humble_learningRepo/install/br2_basics/share/br2_basics/package.dsv
[73.671s] -- Symlinking: /home/mjavadzallaghi/bookros2/ros2humble_learningRepo/install/br2_basics/share/ament_index/resource_index/packages/br2_basics
[73.686s] -- Symlinking: /home/mjavadzallaghi/bookros2/ros2humble_learningRepo/install/br2_basics/share/br2_basics/cmake/ament_cmake_export_dependencies-extras.cmake
[73.700s] -- Symlinking: /home/mjavadzallaghi/bookros2/ros2humble_learningRepo/install/br2_basics/share/br2_basics/cmake/br2_basicsConfig.cmake
[73.715s] -- Symlinking: /home/mjavadzallaghi/bookros2/ros2humble_learningRepo/install/br2_basics/share/br2_basics/cmake/br2_basicsConfig-version.cmake
[73.728s] -- Symlinking: /home/mjavadzallaghi/bookros2/ros2humble_learningRepo/install/br2_basics/share/br2_basics/package.xml
[73.778s] Invoked command in '/home/mjavadzallaghi/bookros2/ros2humble_learningRepo/build/br2_basics' returned '0': CMAKE_PREFIX_PATH=${CMAKE_PREFIX_PATH}:/opt/ros/humble /usr/bin/cmake --install /home/mjavadzallaghi/bookros2/ros2humble_learningRepo/build/br2_basics
