[35m[1mConsolidate compiler generated dependencies of target simple[0m
[ 50%] [32mBuilding CXX object CMakeFiles/simple.dir/src/simple.cpp.o[0m
[01m[K/home/mjavadzallaghi/bookros2/ros2humble_learningRepo/src/my_package/src/simple.cpp:3:5:[m[K [01;35m[Kwarning: [m[Ksecond argument of ‘[01m[Kint main(int, char*)[m[K’ should be ‘[01m[Kchar **[m[K’ [[01;35m[K]8;;https://gcc.gnu.org/onlinedocs/gcc/Warning-Options.html#index-Wmain-Wmain]8;;[m[K]
    3 | int [01;35m[Kmain[m[K(int argc, char* argv){
      |     [01;35m[K^~~~[m[K
[01m[K/home/mjavadzallaghi/bookros2/ros2humble_learningRepo/src/my_package/src/simple.cpp:[m[K In function ‘[01m[Kint main(int, char*)[m[K’:
[01m[K/home/mjavadzallaghi/bookros2/ros2humble_learningRepo/src/my_package/src/simple.cpp:4:24:[m[K [01;31m[Kerror: [m[Kcannot convert ‘[01m[Kchar*[m[K’ to ‘[01m[Kconst char* const*[m[K’
    4 |     rclcpp::init(argc, [01;31m[Kargv[m[K);
      |                        [01;31m[K^~~~[m[K
      |                        [01;31m[K|[m[K
      |                        [01;31m[Kchar*[m[K
In file included from [01m[K/opt/ros/humble/include/rclcpp/rclcpp/logging.hpp:25[m[K,
                 from [01m[K/opt/ros/humble/include/rclcpp/rclcpp/client.hpp:40[m[K,
                 from [01m[K/opt/ros/humble/include/rclcpp/rclcpp/callback_group.hpp:24[m[K,
                 from [01m[K/opt/ros/humble/include/rclcpp/rclcpp/any_executable.hpp:20[m[K,
                 from [01m[K/opt/ros/humble/include/rclcpp/rclcpp/memory_strategy.hpp:25[m[K,
                 from [01m[K/opt/ros/humble/include/rclcpp/rclcpp/memory_strategies.hpp:18[m[K,
                 from [01m[K/opt/ros/humble/include/rclcpp/rclcpp/executor_options.hpp:20[m[K,
                 from [01m[K/opt/ros/humble/include/rclcpp/rclcpp/executor.hpp:37[m[K,
                 from [01m[K/opt/ros/humble/include/rclcpp/rclcpp/executors/multi_threaded_executor.hpp:25[m[K,
                 from [01m[K/opt/ros/humble/include/rclcpp/rclcpp/executors.hpp:21[m[K,
                 from [01m[K/opt/ros/humble/include/rclcpp/rclcpp/rclcpp.hpp:155[m[K,
                 from [01m[K/home/mjavadzallaghi/bookros2/ros2humble_learningRepo/src/my_package/src/simple.cpp:1[m[K:
[01m[K/opt/ros/humble/include/rclcpp/rclcpp/utilities.hpp:77:24:[m[K [01;36m[Knote: [m[K  initializing argument 2 of ‘[01m[Kvoid rclcpp::init(int, const char* const*, const rclcpp::InitOptions&, rclcpp::SignalHandlerOptions)[m[K’
   77 |   [01;36m[Kchar const * const * argv[m[K,
      |   [01;36m[K~~~~~~~~~~~~~~~~~~~~~^~~~[m[K
gmake[2]: *** [CMakeFiles/simple.dir/build.make:76: CMakeFiles/simple.dir/src/simple.cpp.o] Error 1
gmake[1]: *** [CMakeFiles/Makefile2:137: CMakeFiles/simple.dir/all] Error 2
gmake: *** [Makefile:146: all] Error 2
