[0.067s] Invoking command in '/home/mjavadzallaghi/bookros2/ros2humble_learningRepo/build/my_package': CMAKE_PREFIX_PATH=/opt/ros/humble /usr/bin/cmake --build /home/mjavadzallaghi/bookros2/ros2humble_learningRepo/build/my_package -- -j2 -l2
[0.109s] -- Found ament_cmake: 1.3.3 (/opt/ros/humble/share/ament_cmake/cmake)
[0.380s] -- Override CMake install command with custom implementation using symlinks instead of copying resources
[0.397s] -- Found rclcpp: 16.0.3 (/opt/ros/humble/share/rclcpp/cmake)
[0.495s] -- Found rosidl_generator_c: 3.1.4 (/opt/ros/humble/share/rosidl_generator_c/cmake)
[0.497s] -- Found rosidl_adapter: 3.1.4 (/opt/ros/humble/share/rosidl_adapter/cmake)
[0.532s] -- Found rosidl_generator_cpp: 3.1.4 (/opt/ros/humble/share/rosidl_generator_cpp/cmake)
[0.560s] -- Using all available rosidl_typesupport_c: rosidl_typesupport_fastrtps_c;rosidl_typesupport_introspection_c
[0.618s] -- Using all available rosidl_typesupport_cpp: rosidl_typesupport_fastrtps_cpp;rosidl_typesupport_introspection_cpp
[0.718s] -- Found rmw_implementation_cmake: 6.1.1 (/opt/ros/humble/share/rmw_implementation_cmake/cmake)
[0.722s] -- Found rmw_fastrtps_cpp: 6.2.2 (/opt/ros/humble/share/rmw_fastrtps_cpp/cmake)
[0.941s] -- Using RMW implementation 'rmw_fastrtps_cpp' as default
[1.245s] -- Found ament_lint_auto: 0.12.5 (/opt/ros/humble/share/ament_lint_auto/cmake)
[1.389s] -- Added test 'cppcheck' to perform static code analysis on C / C++ code
[1.390s] -- Configured cppcheck include dirs: 
[1.390s] -- Configured cppcheck exclude dirs and/or files: 
[1.393s] -- Added test 'lint_cmake' to check CMake code style
[1.395s] -- Added test 'uncrustify' to check C / C++ code style
[1.396s] -- Configured uncrustify additional arguments: 
[1.397s] -- Added test 'xmllint' to check XML markup files
[1.400s] -- Configuring done
[1.418s] -- Generating done
[1.424s] -- Build files have been written to: /home/mjavadzallaghi/bookros2/ros2humble_learningRepo/build/my_package
[1.513s] [ 50%] [32mBuilding CXX object CMakeFiles/simple.dir/src/simple.cpp.o[0m
[7.044s] [01m[K/home/mjavadzallaghi/bookros2/ros2humble_learningRepo/src/my_package/src/simple.cpp:3:5:[m[K [01;35m[Kwarning: [m[Ksecond argument of ‘[01m[Kint main(int, char*)[m[K’ should be ‘[01m[Kchar **[m[K’ [[01;35m[K]8;;https://gcc.gnu.org/onlinedocs/gcc/Warning-Options.html#index-Wmain-Wmain]8;;[m[K]
[7.044s]     3 | int [01;35m[Kmain[m[K(int argc, char* argv){
[7.044s]       |     [01;35m[K^~~~[m[K
[7.046s] [01m[K/home/mjavadzallaghi/bookros2/ros2humble_learningRepo/src/my_package/src/simple.cpp:[m[K In function ‘[01m[Kint main(int, char*)[m[K’:
[7.046s] [01m[K/home/mjavadzallaghi/bookros2/ros2humble_learningRepo/src/my_package/src/simple.cpp:4:24:[m[K [01;31m[Kerror: [m[Kcannot convert ‘[01m[Kchar*[m[K’ to ‘[01m[Kconst char* const*[m[K’
[7.047s]     4 |     rclcpp::init(argc, [01;31m[Kargv[m[K);
[7.047s]       |                        [01;31m[K^~~~[m[K
[7.047s]       |                        [01;31m[K|[m[K
[7.047s]       |                        [01;31m[Kchar*[m[K
[7.047s] In file included from [01m[K/opt/ros/humble/include/rclcpp/rclcpp/logging.hpp:25[m[K,
[7.047s]                  from [01m[K/opt/ros/humble/include/rclcpp/rclcpp/client.hpp:40[m[K,
[7.047s]                  from [01m[K/opt/ros/humble/include/rclcpp/rclcpp/callback_group.hpp:24[m[K,
[7.047s]                  from [01m[K/opt/ros/humble/include/rclcpp/rclcpp/any_executable.hpp:20[m[K,
[7.047s]                  from [01m[K/opt/ros/humble/include/rclcpp/rclcpp/memory_strategy.hpp:25[m[K,
[7.048s]                  from [01m[K/opt/ros/humble/include/rclcpp/rclcpp/memory_strategies.hpp:18[m[K,
[7.048s]                  from [01m[K/opt/ros/humble/include/rclcpp/rclcpp/executor_options.hpp:20[m[K,
[7.049s]                  from [01m[K/opt/ros/humble/include/rclcpp/rclcpp/executor.hpp:37[m[K,
[7.049s]                  from [01m[K/opt/ros/humble/include/rclcpp/rclcpp/executors/multi_threaded_executor.hpp:25[m[K,
[7.049s]                  from [01m[K/opt/ros/humble/include/rclcpp/rclcpp/executors.hpp:21[m[K,
[7.049s]                  from [01m[K/opt/ros/humble/include/rclcpp/rclcpp/rclcpp.hpp:155[m[K,
[7.049s]                  from [01m[K/home/mjavadzallaghi/bookros2/ros2humble_learningRepo/src/my_package/src/simple.cpp:1[m[K:
[7.049s] [01m[K/opt/ros/humble/include/rclcpp/rclcpp/utilities.hpp:77:24:[m[K [01;36m[Knote: [m[K  initializing argument 2 of ‘[01m[Kvoid rclcpp::init(int, const char* const*, const rclcpp::InitOptions&, rclcpp::SignalHandlerOptions)[m[K’
[7.049s]    77 |   [01;36m[Kchar const * const * argv[m[K,
[7.050s]       |   [01;36m[K~~~~~~~~~~~~~~~~~~~~~^~~~[m[K
[7.055s] [01m[K/home/mjavadzallaghi/bookros2/ros2humble_learningRepo/src/my_package/src/simple.cpp:10:22:[m[K [01;31m[Kerror: [m[Kcould not convert ‘[01m[Knode[m[K’ from ‘[01m[Kshared_ptr<[01;32m[Krclcpp::Node[m[K>[m[K’ to ‘[01m[Kshared_ptr<[01;32m[Krclcpp::Context[m[K>[m[K’
[7.055s]    10 |     rclcpp::shutdown([01;31m[Knode[m[K);
[7.056s]       |                      [01;31m[K^~~~[m[K
[7.056s]       |                      [01;31m[K|[m[K
[7.056s]       |                      [01;31m[Kshared_ptr<rclcpp::Node>[m[K
[7.992s] gmake[2]: *** [CMakeFiles/simple.dir/build.make:76: CMakeFiles/simple.dir/src/simple.cpp.o] Error 1
[7.993s] gmake[1]: *** [CMakeFiles/Makefile2:137: CMakeFiles/simple.dir/all] Error 2
[7.993s] gmake: *** [Makefile:146: all] Error 2
[7.998s] Invoked command in '/home/mjavadzallaghi/bookros2/ros2humble_learningRepo/build/my_package' returned '2': CMAKE_PREFIX_PATH=/opt/ros/humble /usr/bin/cmake --build /home/mjavadzallaghi/bookros2/ros2humble_learningRepo/build/my_package -- -j2 -l2
