[0.420s] DEBUG:colcon:Command line arguments: ['/usr/bin/colcon', 'build', '--symlink-install']
[0.420s] DEBUG:colcon:Parsed command line arguments: Namespace(log_base=None, log_level=None, verb_name='build', build_base='build', install_base='install', merge_install=False, symlink_install=True, test_result_base=None, continue_on_error=False, executor='parallel', parallel_workers=2, event_handlers=None, ignore_user_meta=False, metas=['./colcon.meta'], base_paths=['.'], packages_ignore=None, packages_ignore_regex=None, paths=None, packages_up_to=None, packages_up_to_regex=None, packages_above=None, packages_above_and_dependencies=None, packages_above_depth=None, packages_select_by_dep=None, packages_skip_by_dep=None, packages_skip_up_to=None, packages_select_build_failed=False, packages_skip_build_finished=False, packages_select_test_failures=False, packages_skip_test_passed=False, packages_select=None, packages_skip=None, packages_select_regex=None, packages_skip_regex=None, packages_start=None, packages_end=None, allow_overriding=[], cmake_args=None, cmake_target=None, cmake_target_skip_unavailable=False, cmake_clean_cache=False, cmake_clean_first=False, cmake_force_configure=False, ament_cmake_args=None, catkin_cmake_args=None, catkin_skip_building_tests=False, verb_parser=<colcon_defaults.argument_parser.defaults.DefaultArgumentsDecorator object at 0x7fedcdeb1a20>, verb_extension=<colcon_core.verb.build.BuildVerb object at 0x7fedce6b0c40>, main=<bound method BuildVerb.main of <colcon_core.verb.build.BuildVerb object at 0x7fedce6b0c40>>)
[0.470s] Level 1:colcon.colcon_core.package_discovery:discover_packages(colcon_meta) check parameters
[0.470s] Level 1:colcon.colcon_core.package_discovery:discover_packages(recursive) check parameters
[0.470s] Level 1:colcon.colcon_core.package_discovery:discover_packages(ignore) check parameters
[0.470s] Level 1:colcon.colcon_core.package_discovery:discover_packages(path) check parameters
[0.470s] Level 1:colcon.colcon_core.package_discovery:discover_packages(colcon_meta) discover
[0.470s] Level 1:colcon.colcon_core.package_discovery:discover_packages(recursive) discover
[0.470s] INFO:colcon.colcon_core.package_discovery:Crawling recursively for packages in '/home/mjavadzallaghi/bookros2/ros2humble_learningRepo'
[0.470s] Level 1:colcon.colcon_core.package_identification:_identify(.) by extensions ['ignore', 'ignore_ament_install']
[0.471s] Level 1:colcon.colcon_core.package_identification:_identify(.) by extension 'ignore'
[0.471s] Level 1:colcon.colcon_core.package_identification:_identify(.) by extension 'ignore_ament_install'
[0.471s] Level 1:colcon.colcon_core.package_identification:_identify(.) by extensions ['colcon_pkg']
[0.471s] Level 1:colcon.colcon_core.package_identification:_identify(.) by extension 'colcon_pkg'
[0.471s] Level 1:colcon.colcon_core.package_identification:_identify(.) by extensions ['colcon_meta']
[0.472s] Level 1:colcon.colcon_core.package_identification:_identify(.) by extension 'colcon_meta'
[0.472s] Level 1:colcon.colcon_core.package_identification:_identify(.) by extensions ['ros']
[0.472s] Level 1:colcon.colcon_core.package_identification:_identify(.) by extension 'ros'
[0.488s] Level 1:colcon.colcon_core.package_identification:_identify(.) by extensions ['cmake', 'python']
[0.488s] Level 1:colcon.colcon_core.package_identification:_identify(.) by extension 'cmake'
[0.488s] Level 1:colcon.colcon_core.package_identification:_identify(.) by extension 'python'
[0.488s] Level 1:colcon.colcon_core.package_identification:_identify(.) by extensions ['python_setup_py']
[0.489s] Level 1:colcon.colcon_core.package_identification:_identify(.) by extension 'python_setup_py'
[0.489s] Level 1:colcon.colcon_core.package_identification:_identify(build) by extensions ['ignore', 'ignore_ament_install']
[0.489s] Level 1:colcon.colcon_core.package_identification:_identify(build) by extension 'ignore'
[0.489s] Level 1:colcon.colcon_core.package_identification:_identify(build) ignored
[0.490s] Level 1:colcon.colcon_core.package_identification:_identify(install) by extensions ['ignore', 'ignore_ament_install']
[0.490s] Level 1:colcon.colcon_core.package_identification:_identify(install) by extension 'ignore'
[0.490s] Level 1:colcon.colcon_core.package_identification:_identify(install) ignored
[0.490s] Level 1:colcon.colcon_core.package_identification:_identify(log) by extensions ['ignore', 'ignore_ament_install']
[0.490s] Level 1:colcon.colcon_core.package_identification:_identify(log) by extension 'ignore'
[0.490s] Level 1:colcon.colcon_core.package_identification:_identify(log) ignored
[0.490s] Level 1:colcon.colcon_core.package_identification:_identify(src) by extensions ['ignore', 'ignore_ament_install']
[0.491s] Level 1:colcon.colcon_core.package_identification:_identify(src) by extension 'ignore'
[0.491s] Level 1:colcon.colcon_core.package_identification:_identify(src) by extension 'ignore_ament_install'
[0.491s] Level 1:colcon.colcon_core.package_identification:_identify(src) by extensions ['colcon_pkg']
[0.491s] Level 1:colcon.colcon_core.package_identification:_identify(src) by extension 'colcon_pkg'
[0.491s] Level 1:colcon.colcon_core.package_identification:_identify(src) by extensions ['colcon_meta']
[0.491s] Level 1:colcon.colcon_core.package_identification:_identify(src) by extension 'colcon_meta'
[0.491s] Level 1:colcon.colcon_core.package_identification:_identify(src) by extensions ['ros']
[0.491s] Level 1:colcon.colcon_core.package_identification:_identify(src) by extension 'ros'
[0.491s] Level 1:colcon.colcon_core.package_identification:_identify(src) by extensions ['cmake', 'python']
[0.492s] Level 1:colcon.colcon_core.package_identification:_identify(src) by extension 'cmake'
[0.492s] Level 1:colcon.colcon_core.package_identification:_identify(src) by extension 'python'
[0.492s] Level 1:colcon.colcon_core.package_identification:_identify(src) by extensions ['python_setup_py']
[0.492s] Level 1:colcon.colcon_core.package_identification:_identify(src) by extension 'python_setup_py'
[0.492s] Level 1:colcon.colcon_core.package_identification:_identify(src/my_package) by extensions ['ignore', 'ignore_ament_install']
[0.492s] Level 1:colcon.colcon_core.package_identification:_identify(src/my_package) by extension 'ignore'
[0.492s] Level 1:colcon.colcon_core.package_identification:_identify(src/my_package) by extension 'ignore_ament_install'
[0.492s] Level 1:colcon.colcon_core.package_identification:_identify(src/my_package) by extensions ['colcon_pkg']
[0.492s] Level 1:colcon.colcon_core.package_identification:_identify(src/my_package) by extension 'colcon_pkg'
[0.492s] Level 1:colcon.colcon_core.package_identification:_identify(src/my_package) by extensions ['colcon_meta']
[0.492s] Level 1:colcon.colcon_core.package_identification:_identify(src/my_package) by extension 'colcon_meta'
[0.492s] Level 1:colcon.colcon_core.package_identification:_identify(src/my_package) by extensions ['ros']
[0.492s] Level 1:colcon.colcon_core.package_identification:_identify(src/my_package) by extension 'ros'
[0.496s] DEBUG:colcon.colcon_core.package_identification:Package 'src/my_package' with type 'ros.ament_cmake' and name 'my_package'
[0.496s] Level 1:colcon.colcon_core.package_discovery:discover_packages(recursive) using defaults
[0.496s] Level 1:colcon.colcon_core.package_discovery:discover_packages(ignore) discover
[0.496s] Level 1:colcon.colcon_core.package_discovery:discover_packages(ignore) using defaults
[0.496s] Level 1:colcon.colcon_core.package_discovery:discover_packages(path) discover
[0.496s] Level 1:colcon.colcon_core.package_discovery:discover_packages(path) using defaults
[0.526s] Level 1:colcon.colcon_core.package_discovery:discover_packages(prefix_path) check parameters
[0.527s] Level 1:colcon.colcon_core.package_discovery:discover_packages(prefix_path) discover
[0.531s] DEBUG:colcon.colcon_installed_package_information.package_discovery:Found 270 installed packages in /opt/ros/humble
[0.534s] Level 1:colcon.colcon_core.package_discovery:discover_packages(prefix_path) using defaults
[0.613s] Level 5:colcon.colcon_core.verb:set package 'my_package' build argument 'cmake_args' from command line to 'None'
[0.613s] Level 5:colcon.colcon_core.verb:set package 'my_package' build argument 'cmake_target' from command line to 'None'
[0.613s] Level 5:colcon.colcon_core.verb:set package 'my_package' build argument 'cmake_target_skip_unavailable' from command line to 'False'
[0.613s] Level 5:colcon.colcon_core.verb:set package 'my_package' build argument 'cmake_clean_cache' from command line to 'False'
[0.613s] Level 5:colcon.colcon_core.verb:set package 'my_package' build argument 'cmake_clean_first' from command line to 'False'
[0.614s] Level 5:colcon.colcon_core.verb:set package 'my_package' build argument 'cmake_force_configure' from command line to 'False'
[0.614s] Level 5:colcon.colcon_core.verb:set package 'my_package' build argument 'ament_cmake_args' from command line to 'None'
[0.614s] Level 5:colcon.colcon_core.verb:set package 'my_package' build argument 'catkin_cmake_args' from command line to 'None'
[0.614s] Level 5:colcon.colcon_core.verb:set package 'my_package' build argument 'catkin_skip_building_tests' from command line to 'False'
[0.614s] DEBUG:colcon.colcon_core.verb:Building package 'my_package' with the following arguments: {'ament_cmake_args': None, 'build_base': '/home/mjavadzallaghi/bookros2/ros2humble_learningRepo/build/my_package', 'catkin_cmake_args': None, 'catkin_skip_building_tests': False, 'cmake_args': None, 'cmake_clean_cache': False, 'cmake_clean_first': False, 'cmake_force_configure': False, 'cmake_target': None, 'cmake_target_skip_unavailable': False, 'install_base': '/home/mjavadzallaghi/bookros2/ros2humble_learningRepo/install/my_package', 'merge_install': False, 'path': '/home/mjavadzallaghi/bookros2/ros2humble_learningRepo/src/my_package', 'symlink_install': True, 'test_result_base': None}
[0.615s] INFO:colcon.colcon_core.executor:Executing jobs using 'parallel' executor
[0.620s] DEBUG:colcon.colcon_parallel_executor.executor.parallel:run_until_complete
[0.621s] INFO:colcon.colcon_ros.task.ament_cmake.build:Building ROS package in '/home/mjavadzallaghi/bookros2/ros2humble_learningRepo/src/my_package' with build type 'ament_cmake'
[0.621s] INFO:colcon.colcon_cmake.task.cmake.build:Building CMake package in '/home/mjavadzallaghi/bookros2/ros2humble_learningRepo/src/my_package'
[0.630s] INFO:colcon.colcon_core.plugin_system:Skipping extension 'colcon_core.shell.bat': Not used on non-Windows systems
[0.630s] INFO:colcon.colcon_core.shell:Skip shell extension 'powershell' for command environment: Not usable outside of PowerShell
[0.631s] DEBUG:colcon.colcon_core.shell:Skip shell extension 'dsv' for command environment
[0.692s] DEBUG:colcon.colcon_core.event_handler.log_command:Invoking command in '/home/mjavadzallaghi/bookros2/ros2humble_learningRepo/build/my_package': CMAKE_PREFIX_PATH=/opt/ros/humble /usr/bin/cmake /home/mjavadzallaghi/bookros2/ros2humble_learningRepo/src/my_package -DAMENT_CMAKE_SYMLINK_INSTALL=1 -DCMAKE_INSTALL_PREFIX=/home/mjavadzallaghi/bookros2/ros2humble_learningRepo/install/my_package
[3.470s] DEBUG:colcon.colcon_core.event_handler.log_command:Invoked command in '/home/mjavadzallaghi/bookros2/ros2humble_learningRepo/build/my_package' returned '0': CMAKE_PREFIX_PATH=/opt/ros/humble /usr/bin/cmake /home/mjavadzallaghi/bookros2/ros2humble_learningRepo/src/my_package -DAMENT_CMAKE_SYMLINK_INSTALL=1 -DCMAKE_INSTALL_PREFIX=/home/mjavadzallaghi/bookros2/ros2humble_learningRepo/install/my_package
[3.472s] DEBUG:colcon.colcon_core.event_handler.log_command:Invoking command in '/home/mjavadzallaghi/bookros2/ros2humble_learningRepo/build/my_package': CMAKE_PREFIX_PATH=/opt/ros/humble /usr/bin/cmake --build /home/mjavadzallaghi/bookros2/ros2humble_learningRepo/build/my_package -- -j2 -l2
[7.646s] DEBUG:colcon.colcon_core.event_handler.log_command:Invoked command in '/home/mjavadzallaghi/bookros2/ros2humble_learningRepo/build/my_package' returned '0': CMAKE_PREFIX_PATH=/opt/ros/humble /usr/bin/cmake --build /home/mjavadzallaghi/bookros2/ros2humble_learningRepo/build/my_package -- -j2 -l2
[7.742s] DEBUG:colcon.colcon_core.event_handler.log_command:Invoking command in '/home/mjavadzallaghi/bookros2/ros2humble_learningRepo/build/my_package': CMAKE_PREFIX_PATH=/opt/ros/humble /usr/bin/cmake --install /home/mjavadzallaghi/bookros2/ros2humble_learningRepo/build/my_package
[8.084s] Level 1:colcon.colcon_core.environment:create_environment_scripts_only(my_package)
[8.085s] DEBUG:colcon.colcon_core.event_handler.log_command:Invoked command in '/home/mjavadzallaghi/bookros2/ros2humble_learningRepo/build/my_package' returned '0': CMAKE_PREFIX_PATH=/opt/ros/humble /usr/bin/cmake --install /home/mjavadzallaghi/bookros2/ros2humble_learningRepo/build/my_package
[8.095s] Level 1:colcon.colcon_core.environment:checking '/home/mjavadzallaghi/bookros2/ros2humble_learningRepo/install/my_package' for CMake module files
[8.096s] Level 1:colcon.colcon_core.environment:checking '/home/mjavadzallaghi/bookros2/ros2humble_learningRepo/install/my_package' for CMake config files
[8.097s] Level 1:colcon.colcon_core.shell:create_environment_hook('my_package', 'cmake_prefix_path')
[8.098s] INFO:colcon.colcon_core.shell:Creating environment hook '/home/mjavadzallaghi/bookros2/ros2humble_learningRepo/install/my_package/share/my_package/hook/cmake_prefix_path.ps1'
[8.099s] INFO:colcon.colcon_core.shell:Creating environment descriptor '/home/mjavadzallaghi/bookros2/ros2humble_learningRepo/install/my_package/share/my_package/hook/cmake_prefix_path.dsv'
[8.100s] INFO:colcon.colcon_core.shell:Creating environment hook '/home/mjavadzallaghi/bookros2/ros2humble_learningRepo/install/my_package/share/my_package/hook/cmake_prefix_path.sh'
[8.102s] Level 1:colcon.colcon_core.environment:checking '/home/mjavadzallaghi/bookros2/ros2humble_learningRepo/install/my_package/lib'
[8.103s] Level 1:colcon.colcon_core.environment:checking '/home/mjavadzallaghi/bookros2/ros2humble_learningRepo/install/my_package/bin'
[8.103s] Level 1:colcon.colcon_core.environment:checking '/home/mjavadzallaghi/bookros2/ros2humble_learningRepo/install/my_package/lib/pkgconfig/my_package.pc'
[8.104s] Level 1:colcon.colcon_core.environment:checking '/home/mjavadzallaghi/bookros2/ros2humble_learningRepo/install/my_package/lib/python3.10/site-packages'
[8.104s] Level 1:colcon.colcon_core.environment:checking '/home/mjavadzallaghi/bookros2/ros2humble_learningRepo/install/my_package/bin'
[8.106s] INFO:colcon.colcon_core.shell:Creating package script '/home/mjavadzallaghi/bookros2/ros2humble_learningRepo/install/my_package/share/my_package/package.ps1'
[8.108s] INFO:colcon.colcon_core.shell:Creating package descriptor '/home/mjavadzallaghi/bookros2/ros2humble_learningRepo/install/my_package/share/my_package/package.dsv'
[8.109s] INFO:colcon.colcon_core.shell:Creating package script '/home/mjavadzallaghi/bookros2/ros2humble_learningRepo/install/my_package/share/my_package/package.sh'
[8.110s] INFO:colcon.colcon_core.shell:Creating package script '/home/mjavadzallaghi/bookros2/ros2humble_learningRepo/install/my_package/share/my_package/package.bash'
[8.112s] INFO:colcon.colcon_core.shell:Creating package script '/home/mjavadzallaghi/bookros2/ros2humble_learningRepo/install/my_package/share/my_package/package.zsh'
[8.113s] Level 1:colcon.colcon_core.environment:create_file_with_runtime_dependencies(/home/mjavadzallaghi/bookros2/ros2humble_learningRepo/install/my_package/share/colcon-core/packages/my_package)
[8.218s] Level 1:colcon.colcon_core.environment:create_environment_scripts_only(my_package)
[8.220s] Level 1:colcon.colcon_core.environment:checking '/home/mjavadzallaghi/bookros2/ros2humble_learningRepo/install/my_package' for CMake module files
[8.221s] Level 1:colcon.colcon_core.environment:checking '/home/mjavadzallaghi/bookros2/ros2humble_learningRepo/install/my_package' for CMake config files
[8.221s] Level 1:colcon.colcon_core.shell:create_environment_hook('my_package', 'cmake_prefix_path')
[8.223s] INFO:colcon.colcon_core.shell:Creating environment hook '/home/mjavadzallaghi/bookros2/ros2humble_learningRepo/install/my_package/share/my_package/hook/cmake_prefix_path.ps1'
[8.225s] INFO:colcon.colcon_core.shell:Creating environment descriptor '/home/mjavadzallaghi/bookros2/ros2humble_learningRepo/install/my_package/share/my_package/hook/cmake_prefix_path.dsv'
[8.227s] INFO:colcon.colcon_core.shell:Creating environment hook '/home/mjavadzallaghi/bookros2/ros2humble_learningRepo/install/my_package/share/my_package/hook/cmake_prefix_path.sh'
[8.229s] Level 1:colcon.colcon_core.environment:checking '/home/mjavadzallaghi/bookros2/ros2humble_learningRepo/install/my_package/lib'
[8.229s] Level 1:colcon.colcon_core.environment:checking '/home/mjavadzallaghi/bookros2/ros2humble_learningRepo/install/my_package/bin'
[8.229s] Level 1:colcon.colcon_core.environment:checking '/home/mjavadzallaghi/bookros2/ros2humble_learningRepo/install/my_package/lib/pkgconfig/my_package.pc'
[8.230s] Level 1:colcon.colcon_core.environment:checking '/home/mjavadzallaghi/bookros2/ros2humble_learningRepo/install/my_package/lib/python3.10/site-packages'
[8.230s] Level 1:colcon.colcon_core.environment:checking '/home/mjavadzallaghi/bookros2/ros2humble_learningRepo/install/my_package/bin'
[8.232s] INFO:colcon.colcon_core.shell:Creating package script '/home/mjavadzallaghi/bookros2/ros2humble_learningRepo/install/my_package/share/my_package/package.ps1'
[8.234s] INFO:colcon.colcon_core.shell:Creating package descriptor '/home/mjavadzallaghi/bookros2/ros2humble_learningRepo/install/my_package/share/my_package/package.dsv'
[8.235s] INFO:colcon.colcon_core.shell:Creating package script '/home/mjavadzallaghi/bookros2/ros2humble_learningRepo/install/my_package/share/my_package/package.sh'
[8.237s] INFO:colcon.colcon_core.shell:Creating package script '/home/mjavadzallaghi/bookros2/ros2humble_learningRepo/install/my_package/share/my_package/package.bash'
[8.239s] INFO:colcon.colcon_core.shell:Creating package script '/home/mjavadzallaghi/bookros2/ros2humble_learningRepo/install/my_package/share/my_package/package.zsh'
[8.241s] Level 1:colcon.colcon_core.environment:create_file_with_runtime_dependencies(/home/mjavadzallaghi/bookros2/ros2humble_learningRepo/install/my_package/share/colcon-core/packages/my_package)
[8.252s] DEBUG:colcon.colcon_parallel_executor.executor.parallel:closing loop
[8.255s] DEBUG:colcon.colcon_parallel_executor.executor.parallel:loop closed
[8.255s] DEBUG:colcon.colcon_parallel_executor.executor.parallel:run_until_complete finished with '0'
[8.256s] DEBUG:colcon.colcon_core.event_reactor:joining thread
[8.267s] INFO:colcon.colcon_core.plugin_system:Skipping extension 'colcon_notification.desktop_notification.terminal_notifier': Not used on non-Darwin systems
[8.267s] INFO:colcon.colcon_core.plugin_system:Skipping extension 'colcon_notification.desktop_notification.win32': Not used on non-Windows systems
[8.268s] INFO:colcon.colcon_notification.desktop_notification:Sending desktop notification using 'notify2'
[8.305s] DEBUG:colcon.colcon_core.event_reactor:joined thread
[8.309s] INFO:colcon.colcon_core.shell:Creating prefix script '/home/mjavadzallaghi/bookros2/ros2humble_learningRepo/install/local_setup.ps1'
[8.312s] INFO:colcon.colcon_core.shell:Creating prefix util module '/home/mjavadzallaghi/bookros2/ros2humble_learningRepo/install/_local_setup_util_ps1.py'
[8.315s] INFO:colcon.colcon_core.shell:Creating prefix chain script '/home/mjavadzallaghi/bookros2/ros2humble_learningRepo/install/setup.ps1'
[8.318s] INFO:colcon.colcon_core.shell:Creating prefix script '/home/mjavadzallaghi/bookros2/ros2humble_learningRepo/install/local_setup.sh'
[8.320s] INFO:colcon.colcon_core.shell:Creating prefix util module '/home/mjavadzallaghi/bookros2/ros2humble_learningRepo/install/_local_setup_util_sh.py'
[8.322s] INFO:colcon.colcon_core.shell:Creating prefix chain script '/home/mjavadzallaghi/bookros2/ros2humble_learningRepo/install/setup.sh'
[8.325s] INFO:colcon.colcon_core.shell:Creating prefix script '/home/mjavadzallaghi/bookros2/ros2humble_learningRepo/install/local_setup.bash'
[8.326s] INFO:colcon.colcon_core.shell:Creating prefix chain script '/home/mjavadzallaghi/bookros2/ros2humble_learningRepo/install/setup.bash'
[8.328s] INFO:colcon.colcon_core.shell:Creating prefix script '/home/mjavadzallaghi/bookros2/ros2humble_learningRepo/install/local_setup.zsh'
[8.329s] INFO:colcon.colcon_core.shell:Creating prefix chain script '/home/mjavadzallaghi/bookros2/ros2humble_learningRepo/install/setup.zsh'
