[0.052s] Invoking command in '/home/mjavadzallaghi/bookros2/ros2humble_learningRepo/build/my_package': CMAKE_PREFIX_PATH=/opt/ros/humble /usr/bin/cmake --build /home/mjavadzallaghi/bookros2/ros2humble_learningRepo/build/my_package -- -j2 -l2
[0.180s] [35m[1mConsolidate compiler generated dependencies of target simple[0m
[0.219s] [100%] Built target simple
[0.251s] Invoked command in '/home/mjavadzallaghi/bookros2/ros2humble_learningRepo/build/my_package' returned '0': CMAKE_PREFIX_PATH=/opt/ros/humble /usr/bin/cmake --build /home/mjavadzallaghi/bookros2/ros2humble_learningRepo/build/my_package -- -j2 -l2
[0.349s] Invoking command in '/home/mjavadzallaghi/bookros2/ros2humble_learningRepo/build/my_package': CMAKE_PREFIX_PATH=/opt/ros/humble /usr/bin/cmake --install /home/mjavadzallaghi/bookros2/ros2humble_learningRepo/build/my_package
[0.362s] -- Install configuration: ""
[0.363s] -- Execute custom install script
[0.365s] -- Up-to-date symlink: /home/mjavadzallaghi/bookros2/ros2humble_learningRepo/install/my_package/lib/my_package/simple
[0.368s] -- Up-to-date symlink: /home/mjavadzallaghi/bookros2/ros2humble_learningRepo/install/my_package/share/ament_index/resource_index/package_run_dependencies/my_package
[0.369s] -- Up-to-date symlink: /home/mjavadzallaghi/bookros2/ros2humble_learningRepo/install/my_package/share/ament_index/resource_index/parent_prefix_path/my_package
[0.370s] -- Up-to-date symlink: /home/mjavadzallaghi/bookros2/ros2humble_learningRepo/install/my_package/share/my_package/environment/ament_prefix_path.sh
[0.370s] -- Up-to-date symlink: /home/mjavadzallaghi/bookros2/ros2humble_learningRepo/install/my_package/share/my_package/environment/ament_prefix_path.dsv
[0.371s] -- Up-to-date symlink: /home/mjavadzallaghi/bookros2/ros2humble_learningRepo/install/my_package/share/my_package/environment/path.sh
[0.372s] -- Up-to-date symlink: /home/mjavadzallaghi/bookros2/ros2humble_learningRepo/install/my_package/share/my_package/environment/path.dsv
[0.372s] -- Up-to-date symlink: /home/mjavadzallaghi/bookros2/ros2humble_learningRepo/install/my_package/share/my_package/local_setup.bash
[0.373s] -- Up-to-date symlink: /home/mjavadzallaghi/bookros2/ros2humble_learningRepo/install/my_package/share/my_package/local_setup.sh
[0.373s] -- Up-to-date symlink: /home/mjavadzallaghi/bookros2/ros2humble_learningRepo/install/my_package/share/my_package/local_setup.zsh
[0.374s] -- Up-to-date symlink: /home/mjavadzallaghi/bookros2/ros2humble_learningRepo/install/my_package/share/my_package/local_setup.dsv
[0.374s] -- Symlinking: /home/mjavadzallaghi/bookros2/ros2humble_learningRepo/install/my_package/share/my_package/package.dsv
[0.385s] -- Up-to-date symlink: /home/mjavadzallaghi/bookros2/ros2humble_learningRepo/install/my_package/share/ament_index/resource_index/packages/my_package
[0.385s] -- Up-to-date symlink: /home/mjavadzallaghi/bookros2/ros2humble_learningRepo/install/my_package/share/my_package/cmake/ament_cmake_export_dependencies-extras.cmake
[0.386s] -- Up-to-date symlink: /home/mjavadzallaghi/bookros2/ros2humble_learningRepo/install/my_package/share/my_package/cmake/my_packageConfig.cmake
[0.387s] -- Up-to-date symlink: /home/mjavadzallaghi/bookros2/ros2humble_learningRepo/install/my_package/share/my_package/cmake/my_packageConfig-version.cmake
[0.387s] -- Up-to-date symlink: /home/mjavadzallaghi/bookros2/ros2humble_learningRepo/install/my_package/share/my_package/package.xml
[0.395s] Invoked command in '/home/mjavadzallaghi/bookros2/ros2humble_learningRepo/build/my_package' returned '0': CMAKE_PREFIX_PATH=/opt/ros/humble /usr/bin/cmake --install /home/mjavadzallaghi/bookros2/ros2humble_learningRepo/build/my_package
