[0.062s] Invoking command in '/home/mjavadzallaghi/bookros2/ros2humble_learningRepo/build/my_package': CMAKE_PREFIX_PATH=/opt/ros/humble /usr/bin/cmake /home/mjavadzallaghi/bookros2/ros2humble_learningRepo/src/my_package -DAMENT_CMAKE_SYMLINK_INSTALL=1 -DCMAKE_INSTALL_PREFIX=/home/mjavadzallaghi/bookros2/ros2humble_learningRepo/install/my_package
[0.209s] -- The C compiler identification is GNU 11.3.0
[0.331s] -- The CXX compiler identification is GNU 11.3.0
[0.346s] -- Detecting C compiler ABI info
[0.673s] -- Detecting C compiler ABI info - done
[0.693s] -- Check for working C compiler: /usr/bin/cc - skipped
[0.694s] -- Detecting C compile features
[0.694s] -- Detecting C compile features - done
[0.698s] -- Detecting CXX compiler ABI info
[0.890s] -- Detecting CXX compiler ABI info - done
[0.903s] -- Check for working CXX compiler: /usr/bin/c++ - skipped
[0.905s] -- Detecting CXX compile features
[0.907s] -- Detecting CXX compile features - done
[0.913s] -- Found ament_cmake: 1.3.3 (/opt/ros/humble/share/ament_cmake/cmake)
[1.248s] -- Found Python3: /usr/bin/python3.10 (found version "3.10.6") found components: Interpreter 
[1.353s] -- Override CMake install command with custom implementation using symlinks instead of copying resources
[1.397s] -- Found rclcpp: 16.0.3 (/opt/ros/humble/share/rclcpp/cmake)
[1.452s] -- Found rosidl_generator_c: 3.1.4 (/opt/ros/humble/share/rosidl_generator_c/cmake)
[1.458s] -- Found rosidl_adapter: 3.1.4 (/opt/ros/humble/share/rosidl_adapter/cmake)
[1.470s] -- Found rosidl_generator_cpp: 3.1.4 (/opt/ros/humble/share/rosidl_generator_cpp/cmake)
[1.497s] -- Using all available rosidl_typesupport_c: rosidl_typesupport_fastrtps_c;rosidl_typesupport_introspection_c
[1.526s] -- Using all available rosidl_typesupport_cpp: rosidl_typesupport_fastrtps_cpp;rosidl_typesupport_introspection_cpp
[1.638s] -- Found rmw_implementation_cmake: 6.1.1 (/opt/ros/humble/share/rmw_implementation_cmake/cmake)
[1.641s] -- Found rmw_fastrtps_cpp: 6.2.2 (/opt/ros/humble/share/rmw_fastrtps_cpp/cmake)
[1.853s] -- Found OpenSSL: /usr/lib/x86_64-linux-gnu/libcrypto.so (found version "3.0.2")  
[1.909s] -- Found FastRTPS: /opt/ros/humble/include  
[1.977s] -- Using RMW implementation 'rmw_fastrtps_cpp' as default
[2.013s] -- Looking for pthread.h
[2.178s] -- Looking for pthread.h - found
[2.179s] -- Performing Test CMAKE_HAVE_LIBC_PTHREAD
[2.371s] -- Performing Test CMAKE_HAVE_LIBC_PTHREAD - Success
[2.372s] -- Found Threads: TRUE  
[2.674s] -- Found ament_lint_auto: 0.12.5 (/opt/ros/humble/share/ament_lint_auto/cmake)
[2.808s] -- Added test 'copyright' to check source files copyright and LICENSE
[2.810s] -- Added test 'cppcheck' to perform static code analysis on C / C++ code
[2.811s] -- Configured cppcheck include dirs: 
[2.812s] -- Configured cppcheck exclude dirs and/or files: 
[2.814s] -- Added test 'cpplint' to check C / C++ code against the Google style
[2.814s] -- Configured cpplint exclude dirs and/or files: 
[2.816s] -- Added test 'lint_cmake' to check CMake code style
[2.819s] -- Added test 'uncrustify' to check C / C++ code style
[2.819s] -- Configured uncrustify additional arguments: 
[2.822s] -- Added test 'xmllint' to check XML markup files
[2.842s] -- Configuring done
[2.853s] -- Generating done
[2.856s] -- Build files have been written to: /home/mjavadzallaghi/bookros2/ros2humble_learningRepo/build/my_package
[2.873s] Invoked command in '/home/mjavadzallaghi/bookros2/ros2humble_learningRepo/build/my_package' returned '0': CMAKE_PREFIX_PATH=/opt/ros/humble /usr/bin/cmake /home/mjavadzallaghi/bookros2/ros2humble_learningRepo/src/my_package -DAMENT_CMAKE_SYMLINK_INSTALL=1 -DCMAKE_INSTALL_PREFIX=/home/mjavadzallaghi/bookros2/ros2humble_learningRepo/install/my_package
[2.874s] Invoking command in '/home/mjavadzallaghi/bookros2/ros2humble_learningRepo/build/my_package': CMAKE_PREFIX_PATH=/opt/ros/humble /usr/bin/cmake --build /home/mjavadzallaghi/bookros2/ros2humble_learningRepo/build/my_package -- -j2 -l2
[2.986s] [ 50%] [32mBuilding CXX object CMakeFiles/simple.dir/src/simple.cpp.o[0m
[7.237s] [100%] [32m[1mLinking CXX executable simple[0m
[7.887s] [100%] Built target simple
[7.908s] Invoked command in '/home/mjavadzallaghi/bookros2/ros2humble_learningRepo/build/my_package' returned '0': CMAKE_PREFIX_PATH=/opt/ros/humble /usr/bin/cmake --build /home/mjavadzallaghi/bookros2/ros2humble_learningRepo/build/my_package -- -j2 -l2
[8.022s] Invoking command in '/home/mjavadzallaghi/bookros2/ros2humble_learningRepo/build/my_package': CMAKE_PREFIX_PATH=/opt/ros/humble /usr/bin/cmake --install /home/mjavadzallaghi/bookros2/ros2humble_learningRepo/build/my_package
[8.038s] -- Install configuration: ""
[8.039s] -- Execute custom install script
[8.040s] -- Symlinking: /home/mjavadzallaghi/bookros2/ros2humble_learningRepo/install/my_package/lib/my_package/simple
[8.054s] [31mCMake Error at ament_cmake_symlink_install/ament_cmake_symlink_install.cmake:100 (message):
[8.055s]   ament_cmake_symlink_install_directory() can't find
[8.055s]   '/home/mjavadzallaghi/bookros2/ros2humble_learningRepo/src/my_package/launch'
[8.056s] Call Stack (most recent call first):
[8.056s]   ament_cmake_symlink_install/ament_cmake_symlink_install.cmake:317 (ament_cmake_symlink_install_directory)
[8.057s]   cmake_install.cmake:46 (include)
[8.057s] 
[8.058s] [0m
[8.073s] Invoked command in '/home/mjavadzallaghi/bookros2/ros2humble_learningRepo/build/my_package' returned '1': CMAKE_PREFIX_PATH=/opt/ros/humble /usr/bin/cmake --install /home/mjavadzallaghi/bookros2/ros2humble_learningRepo/build/my_package
