[0.047s] Invoking command in '/home/mjavadzallaghi/bookros2/ros2humble_learningRepo/build/my_package': CMAKE_PREFIX_PATH=/opt/ros/humble /usr/bin/cmake --build /home/mjavadzallaghi/bookros2/ros2humble_learningRepo/build/my_package -- -j2 -l2
[0.100s] -- Found ament_cmake: 1.3.3 (/opt/ros/humble/share/ament_cmake/cmake)
[0.380s] -- Override CMake install command with custom implementation using symlinks instead of copying resources
[0.407s] -- Found rclcpp: 16.0.3 (/opt/ros/humble/share/rclcpp/cmake)
[0.454s] -- Found rosidl_generator_c: 3.1.4 (/opt/ros/humble/share/rosidl_generator_c/cmake)
[0.460s] -- Found rosidl_adapter: 3.1.4 (/opt/ros/humble/share/rosidl_adapter/cmake)
[0.479s] -- Found rosidl_generator_cpp: 3.1.4 (/opt/ros/humble/share/rosidl_generator_cpp/cmake)
[0.498s] -- Using all available rosidl_typesupport_c: rosidl_typesupport_fastrtps_c;rosidl_typesupport_introspection_c
[0.523s] -- Using all available rosidl_typesupport_cpp: rosidl_typesupport_fastrtps_cpp;rosidl_typesupport_introspection_cpp
[0.623s] -- Found rmw_implementation_cmake: 6.1.1 (/opt/ros/humble/share/rmw_implementation_cmake/cmake)
[0.626s] -- Found rmw_fastrtps_cpp: 6.2.2 (/opt/ros/humble/share/rmw_fastrtps_cpp/cmake)
[0.815s] -- Using RMW implementation 'rmw_fastrtps_cpp' as default
[1.061s] [31mCMake Error at CMakeLists.txt:18 (target_link_libraries):
[1.061s]   Cannot specify link libraries for target "simple" which is not built by
[1.061s]   this project.
[1.062s] 
[1.062s] [0m
[1.065s] -- Configuring incomplete, errors occurred!
[1.065s] See also "/home/mjavadzallaghi/bookros2/ros2humble_learningRepo/build/my_package/CMakeFiles/CMakeOutput.log".
[1.069s] gmake: *** [Makefile:267: cmake_check_build_system] Error 1
[1.074s] Invoked command in '/home/mjavadzallaghi/bookros2/ros2humble_learningRepo/build/my_package' returned '2': CMAKE_PREFIX_PATH=/opt/ros/humble /usr/bin/cmake --build /home/mjavadzallaghi/bookros2/ros2humble_learningRepo/build/my_package -- -j2 -l2
