[0.047s] Invoking command in '/home/mjavadzallaghi/bookros2/ros2humble_learningRepo/build/my_package': CMAKE_PREFIX_PATH=/opt/ros/humble /usr/bin/cmake --build /home/mjavadzallaghi/bookros2/ros2humble_learningRepo/build/my_package -- -j2 -l2
[0.129s] -- Found ament_cmake: 1.3.3 (/opt/ros/humble/share/ament_cmake/cmake)
[0.335s] -- Override CMake install command with custom implementation using symlinks instead of copying resources
[0.352s] -- Found rclcpp: 16.0.3 (/opt/ros/humble/share/rclcpp/cmake)
[0.426s] -- Found rosidl_generator_c: 3.1.4 (/opt/ros/humble/share/rosidl_generator_c/cmake)
[0.433s] -- Found rosidl_adapter: 3.1.4 (/opt/ros/humble/share/rosidl_adapter/cmake)
[0.441s] -- Found rosidl_generator_cpp: 3.1.4 (/opt/ros/humble/share/rosidl_generator_cpp/cmake)
[0.460s] -- Using all available rosidl_typesupport_c: rosidl_typesupport_fastrtps_c;rosidl_typesupport_introspection_c
[0.497s] -- Using all available rosidl_typesupport_cpp: rosidl_typesupport_fastrtps_cpp;rosidl_typesupport_introspection_cpp
[0.613s] -- Found rmw_implementation_cmake: 6.1.1 (/opt/ros/humble/share/rmw_implementation_cmake/cmake)
[0.613s] -- Found rmw_fastrtps_cpp: 6.2.2 (/opt/ros/humble/share/rmw_fastrtps_cpp/cmake)
[0.803s] -- Using RMW implementation 'rmw_fastrtps_cpp' as default
[1.029s] -- Found ament_lint_auto: 0.12.5 (/opt/ros/humble/share/ament_lint_auto/cmake)
[1.144s] -- Added test 'cppcheck' to perform static code analysis on C / C++ code
[1.144s] -- Configured cppcheck include dirs: 
[1.144s] -- Configured cppcheck exclude dirs and/or files: 
[1.146s] -- Added test 'lint_cmake' to check CMake code style
[1.147s] -- Added test 'uncrustify' to check C / C++ code style
[1.147s] -- Configured uncrustify additional arguments: 
[1.147s] -- Added test 'xmllint' to check XML markup files
[1.149s] -- Configuring done
[1.168s] -- Generating done
[1.177s] -- Build files have been written to: /home/mjavadzallaghi/bookros2/ros2humble_learningRepo/build/my_package
[1.255s] [ 50%] [32mBuilding CXX object CMakeFiles/simple.dir/src/simple.cpp.o[0m
[2.791s] In file included from [01m[K/opt/ros/humble/include/rclcpp/rclcpp/subscription_options.hpp:30[m[K,
[2.791s]                  from [01m[K/opt/ros/humble/include/rclcpp/rclcpp/subscription.hpp:45[m[K,
[2.791s]                  from [01m[K/opt/ros/humble/include/rclcpp/rclcpp/any_executable.hpp:25[m[K,
[2.791s]                  from [01m[K/opt/ros/humble/include/rclcpp/rclcpp/memory_strategy.hpp:25[m[K,
[2.791s]                  from [01m[K/opt/ros/humble/include/rclcpp/rclcpp/memory_strategies.hpp:18[m[K,
[2.791s]                  from [01m[K/opt/ros/humble/include/rclcpp/rclcpp/executor_options.hpp:20[m[K,
[2.791s]                  from [01m[K/opt/ros/humble/include/rclcpp/rclcpp/executor.hpp:37[m[K,
[2.792s]                  from [01m[K/opt/ros/humble/include/rclcpp/rclcpp/executors/multi_threaded_executor.hpp:25[m[K,
[2.792s]                  from [01m[K/opt/ros/humble/include/rclcpp/rclcpp/executors.hpp:21[m[K,
[2.792s]                  from [01m[K/opt/ros/humble/include/rclcpp/rclcpp/rclcpp.hpp:155[m[K,
[2.792s]                  from [01m[K/home/mjavadzallaghi/bookros2/ros2humble_learningRepo/src/my_package/src/simple.cpp:1[m[K:
[2.792s] [01m[K/opt/ros/humble/include/rclcpp/rclcpp/qos_overriding_options.hpp:28:10:[m[K [01;31m[Kfatal error: [m[Krcl_interfaces/msg/set_parameters_result.hpp: No such file or directory
[2.792s]    28 | #include [01;31m[K"rcl_interfaces/msg/set_parameters_result.hpp"[m[K
[2.792s]       |          [01;31m[K^~~~~~~~~~~~~~~~~~~~~~~~~~~~~~~~~~~~~~~~~~~~~~[m[K
[2.792s] compilation terminated.
[2.799s] gmake[2]: *** [CMakeFiles/simple.dir/build.make:76: CMakeFiles/simple.dir/src/simple.cpp.o] Error 1
[2.799s] gmake[1]: *** [CMakeFiles/Makefile2:137: CMakeFiles/simple.dir/all] Error 2
[2.799s] gmake: *** [Makefile:146: all] Error 2
[2.835s] Invoked command in '/home/mjavadzallaghi/bookros2/ros2humble_learningRepo/build/my_package' returned '2': CMAKE_PREFIX_PATH=/opt/ros/humble /usr/bin/cmake --build /home/mjavadzallaghi/bookros2/ros2humble_learningRepo/build/my_package -- -j2 -l2
