[0.035s] Invoking command in '/home/mjavadzallaghi/bookros2/ros2humble_learningRepo/build/my_package': CMAKE_PREFIX_PATH=/opt/ros/humble /usr/bin/cmake /home/mjavadzallaghi/bookros2/ros2humble_learningRepo/src/my_package -DAMENT_CMAKE_SYMLINK_INSTALL=1 -DCMAKE_INSTALL_PREFIX=/home/mjavadzallaghi/bookros2/ros2humble_learningRepo/install/my_package
[0.188s] -- The C compiler identification is GNU 11.3.0
[0.286s] -- The CXX compiler identification is GNU 11.3.0
[0.299s] -- Detecting C compiler ABI info
[0.473s] -- Detecting C compiler ABI info - done
[0.502s] -- Check for working C compiler: /usr/bin/cc - skipped
[0.503s] -- Detecting C compile features
[0.508s] -- Detecting C compile features - done
[0.512s] -- Detecting CXX compiler ABI info
[0.808s] -- Detecting CXX compiler ABI info - done
[0.828s] -- Check for working CXX compiler: /usr/bin/c++ - skipped
[0.828s] -- Detecting CXX compile features
[0.829s] -- Detecting CXX compile features - done
[0.838s] -- Found ament_cmake: 1.3.3 (/opt/ros/humble/share/ament_cmake/cmake)
[1.186s] -- Found Python3: /usr/bin/python3.10 (found version "3.10.6") found components: Interpreter 
[1.292s] -- Override CMake install command with custom implementation using symlinks instead of copying resources
[1.327s] -- Found rclcpp: 16.0.3 (/opt/ros/humble/share/rclcpp/cmake)
[1.400s] -- Found rosidl_generator_c: 3.1.4 (/opt/ros/humble/share/rosidl_generator_c/cmake)
[1.408s] -- Found rosidl_adapter: 3.1.4 (/opt/ros/humble/share/rosidl_adapter/cmake)
[1.420s] -- Found rosidl_generator_cpp: 3.1.4 (/opt/ros/humble/share/rosidl_generator_cpp/cmake)
[1.440s] -- Using all available rosidl_typesupport_c: rosidl_typesupport_fastrtps_c;rosidl_typesupport_introspection_c
[1.482s] -- Using all available rosidl_typesupport_cpp: rosidl_typesupport_fastrtps_cpp;rosidl_typesupport_introspection_cpp
[1.613s] -- Found rmw_implementation_cmake: 6.1.1 (/opt/ros/humble/share/rmw_implementation_cmake/cmake)
[1.615s] -- Found rmw_fastrtps_cpp: 6.2.2 (/opt/ros/humble/share/rmw_fastrtps_cpp/cmake)
[1.850s] -- Found OpenSSL: /usr/lib/x86_64-linux-gnu/libcrypto.so (found version "3.0.2")  
[1.903s] -- Found FastRTPS: /opt/ros/humble/include  
[1.969s] -- Using RMW implementation 'rmw_fastrtps_cpp' as default
[1.992s] -- Looking for pthread.h
[2.150s] -- Looking for pthread.h - found
[2.150s] -- Performing Test CMAKE_HAVE_LIBC_PTHREAD
[2.305s] -- Performing Test CMAKE_HAVE_LIBC_PTHREAD - Success
[2.305s] -- Found Threads: TRUE  
[2.532s] -- Found ament_lint_auto: 0.12.5 (/opt/ros/humble/share/ament_lint_auto/cmake)
[2.695s] -- Added test 'copyright' to check source files copyright and LICENSE
[2.699s] -- Added test 'cppcheck' to perform static code analysis on C / C++ code
[2.700s] -- Configured cppcheck include dirs: 
[2.700s] -- Configured cppcheck exclude dirs and/or files: 
[2.700s] -- Added test 'cpplint' to check C / C++ code against the Google style
[2.701s] -- Configured cpplint exclude dirs and/or files: 
[2.703s] -- Added test 'lint_cmake' to check CMake code style
[2.706s] -- Added test 'uncrustify' to check C / C++ code style
[2.706s] -- Configured uncrustify additional arguments: 
[2.713s] -- Added test 'xmllint' to check XML markup files
[2.713s] -- Configuring done
[2.738s] -- Generating done
[2.741s] -- Build files have been written to: /home/mjavadzallaghi/bookros2/ros2humble_learningRepo/build/my_package
[2.760s] Invoked command in '/home/mjavadzallaghi/bookros2/ros2humble_learningRepo/build/my_package' returned '0': CMAKE_PREFIX_PATH=/opt/ros/humble /usr/bin/cmake /home/mjavadzallaghi/bookros2/ros2humble_learningRepo/src/my_package -DAMENT_CMAKE_SYMLINK_INSTALL=1 -DCMAKE_INSTALL_PREFIX=/home/mjavadzallaghi/bookros2/ros2humble_learningRepo/install/my_package
[2.761s] Invoking command in '/home/mjavadzallaghi/bookros2/ros2humble_learningRepo/build/my_package': CMAKE_PREFIX_PATH=/opt/ros/humble /usr/bin/cmake --build /home/mjavadzallaghi/bookros2/ros2humble_learningRepo/build/my_package -- -j2 -l2
[2.880s] [ 50%] [32mBuilding CXX object CMakeFiles/simple.dir/src/simple.cpp.o[0m
[7.816s] [100%] [32m[1mLinking CXX executable simple[0m
[8.049s] [100%] Built target simple
[8.077s] Invoked command in '/home/mjavadzallaghi/bookros2/ros2humble_learningRepo/build/my_package' returned '0': CMAKE_PREFIX_PATH=/opt/ros/humble /usr/bin/cmake --build /home/mjavadzallaghi/bookros2/ros2humble_learningRepo/build/my_package -- -j2 -l2
[8.176s] Invoking command in '/home/mjavadzallaghi/bookros2/ros2humble_learningRepo/build/my_package': CMAKE_PREFIX_PATH=/opt/ros/humble /usr/bin/cmake --install /home/mjavadzallaghi/bookros2/ros2humble_learningRepo/build/my_package
[8.189s] -- Install configuration: ""
[8.191s] -- Execute custom install script
[8.199s] -- Symlinking: /home/mjavadzallaghi/bookros2/ros2humble_learningRepo/install/my_package/lib/my_package/simple
[8.217s] [31mCMake Error at ament_cmake_symlink_install/ament_cmake_symlink_install.cmake:100 (message):
[8.218s]   ament_cmake_symlink_install_directory() can't find
[8.220s]   '/home/mjavadzallaghi/bookros2/ros2humble_learningRepo/src/my_package/launch'
[8.221s] Call Stack (most recent call first):
[8.221s]   ament_cmake_symlink_install/ament_cmake_symlink_install.cmake:317 (ament_cmake_symlink_install_directory)
[8.221s]   cmake_install.cmake:46 (include)
[8.221s] 
[8.221s] [0m
[8.229s] Invoked command in '/home/mjavadzallaghi/bookros2/ros2humble_learningRepo/build/my_package' returned '1': CMAKE_PREFIX_PATH=/opt/ros/humble /usr/bin/cmake --install /home/mjavadzallaghi/bookros2/ros2humble_learningRepo/build/my_package
