[0.065s] Invoking command in '/home/mjavadzallaghi/bookros2/ros2humble_learningRepo/build/my_package': CMAKE_PREFIX_PATH=/opt/ros/humble /usr/bin/cmake /home/mjavadzallaghi/bookros2/ros2humble_learningRepo/src/my_package -DAMENT_CMAKE_SYMLINK_INSTALL=1 -DCMAKE_INSTALL_PREFIX=/home/mjavadzallaghi/bookros2/ros2humble_learningRepo/install/my_package
[0.197s] -- The C compiler identification is GNU 11.3.0
[0.316s] -- The CXX compiler identification is GNU 11.3.0
[0.339s] -- Detecting C compiler ABI info
[0.625s] -- Detecting C compiler ABI info - done
[0.633s] -- Check for working C compiler: /usr/bin/cc - skipped
[0.633s] -- Detecting C compile features
[0.636s] -- Detecting C compile features - done
[0.640s] -- Detecting CXX compiler ABI info
[0.812s] -- Detecting CXX compiler ABI info - done
[0.829s] -- Check for working CXX compiler: /usr/bin/c++ - skipped
[0.829s] -- Detecting CXX compile features
[0.830s] -- Detecting CXX compile features - done
[0.832s] -- Found ament_cmake: 1.3.3 (/opt/ros/humble/share/ament_cmake/cmake)
[1.158s] -- Found Python3: /usr/bin/python3.10 (found version "3.10.6") found components: Interpreter 
[1.257s] -- Override CMake install command with custom implementation using symlinks instead of copying resources
[1.303s] -- Found rclcpp: 16.0.3 (/opt/ros/humble/share/rclcpp/cmake)
[1.358s] -- Found rosidl_generator_c: 3.1.4 (/opt/ros/humble/share/rosidl_generator_c/cmake)
[1.372s] -- Found rosidl_adapter: 3.1.4 (/opt/ros/humble/share/rosidl_adapter/cmake)
[1.397s] -- Found rosidl_generator_cpp: 3.1.4 (/opt/ros/humble/share/rosidl_generator_cpp/cmake)
[1.417s] -- Using all available rosidl_typesupport_c: rosidl_typesupport_fastrtps_c;rosidl_typesupport_introspection_c
[1.446s] -- Using all available rosidl_typesupport_cpp: rosidl_typesupport_fastrtps_cpp;rosidl_typesupport_introspection_cpp
[1.554s] -- Found rmw_implementation_cmake: 6.1.1 (/opt/ros/humble/share/rmw_implementation_cmake/cmake)
[1.558s] -- Found rmw_fastrtps_cpp: 6.2.2 (/opt/ros/humble/share/rmw_fastrtps_cpp/cmake)
[1.813s] -- Found OpenSSL: /usr/lib/x86_64-linux-gnu/libcrypto.so (found version "3.0.2")  
[1.850s] -- Found FastRTPS: /opt/ros/humble/include  
[1.927s] -- Using RMW implementation 'rmw_fastrtps_cpp' as default
[1.942s] -- Looking for pthread.h
[2.142s] -- Looking for pthread.h - found
[2.142s] -- Performing Test CMAKE_HAVE_LIBC_PTHREAD
[2.345s] -- Performing Test CMAKE_HAVE_LIBC_PTHREAD - Success
[2.345s] -- Found Threads: TRUE  
[2.628s] -- Found ament_lint_auto: 0.12.5 (/opt/ros/humble/share/ament_lint_auto/cmake)
[2.779s] -- Added test 'copyright' to check source files copyright and LICENSE
[2.782s] -- Added test 'cppcheck' to perform static code analysis on C / C++ code
[2.782s] -- Configured cppcheck include dirs: 
[2.783s] -- Configured cppcheck exclude dirs and/or files: 
[2.785s] -- Added test 'cpplint' to check C / C++ code against the Google style
[2.786s] -- Configured cpplint exclude dirs and/or files: 
[2.786s] -- Added test 'lint_cmake' to check CMake code style
[2.788s] -- Added test 'uncrustify' to check C / C++ code style
[2.788s] -- Configured uncrustify additional arguments: 
[2.789s] -- Added test 'xmllint' to check XML markup files
[2.794s] -- Configuring done
[2.817s] -- Generating done
[2.822s] -- Build files have been written to: /home/mjavadzallaghi/bookros2/ros2humble_learningRepo/build/my_package
[2.843s] Invoked command in '/home/mjavadzallaghi/bookros2/ros2humble_learningRepo/build/my_package' returned '0': CMAKE_PREFIX_PATH=/opt/ros/humble /usr/bin/cmake /home/mjavadzallaghi/bookros2/ros2humble_learningRepo/src/my_package -DAMENT_CMAKE_SYMLINK_INSTALL=1 -DCMAKE_INSTALL_PREFIX=/home/mjavadzallaghi/bookros2/ros2humble_learningRepo/install/my_package
[2.845s] Invoking command in '/home/mjavadzallaghi/bookros2/ros2humble_learningRepo/build/my_package': CMAKE_PREFIX_PATH=/opt/ros/humble /usr/bin/cmake --build /home/mjavadzallaghi/bookros2/ros2humble_learningRepo/build/my_package -- -j2 -l2
[2.980s] [ 50%] [32mBuilding CXX object CMakeFiles/simple.dir/src/simple.cpp.o[0m
[6.785s] [100%] [32m[1mLinking CXX executable simple[0m
[6.977s] [100%] Built target simple
[7.019s] Invoked command in '/home/mjavadzallaghi/bookros2/ros2humble_learningRepo/build/my_package' returned '0': CMAKE_PREFIX_PATH=/opt/ros/humble /usr/bin/cmake --build /home/mjavadzallaghi/bookros2/ros2humble_learningRepo/build/my_package -- -j2 -l2
[7.114s] Invoking command in '/home/mjavadzallaghi/bookros2/ros2humble_learningRepo/build/my_package': CMAKE_PREFIX_PATH=/opt/ros/humble /usr/bin/cmake --install /home/mjavadzallaghi/bookros2/ros2humble_learningRepo/build/my_package
[7.126s] -- Install configuration: ""
[7.127s] -- Execute custom install script
[7.128s] -- Symlinking: /home/mjavadzallaghi/bookros2/ros2humble_learningRepo/install/my_package/lib/my_package/simple
[7.142s] -- Symlinking: /home/mjavadzallaghi/bookros2/ros2humble_learningRepo/install/my_package/share/ament_index/resource_index/package_run_dependencies/my_package
[7.178s] -- Symlinking: /home/mjavadzallaghi/bookros2/ros2humble_learningRepo/install/my_package/share/ament_index/resource_index/parent_prefix_path/my_package
[7.195s] -- Symlinking: /home/mjavadzallaghi/bookros2/ros2humble_learningRepo/install/my_package/share/my_package/environment/ament_prefix_path.sh
[7.228s] -- Symlinking: /home/mjavadzallaghi/bookros2/ros2humble_learningRepo/install/my_package/share/my_package/environment/ament_prefix_path.dsv
[7.243s] -- Symlinking: /home/mjavadzallaghi/bookros2/ros2humble_learningRepo/install/my_package/share/my_package/environment/path.sh
[7.258s] -- Symlinking: /home/mjavadzallaghi/bookros2/ros2humble_learningRepo/install/my_package/share/my_package/environment/path.dsv
[7.287s] -- Symlinking: /home/mjavadzallaghi/bookros2/ros2humble_learningRepo/install/my_package/share/my_package/local_setup.bash
[7.301s] -- Symlinking: /home/mjavadzallaghi/bookros2/ros2humble_learningRepo/install/my_package/share/my_package/local_setup.sh
[7.324s] -- Symlinking: /home/mjavadzallaghi/bookros2/ros2humble_learningRepo/install/my_package/share/my_package/local_setup.zsh
[7.344s] -- Symlinking: /home/mjavadzallaghi/bookros2/ros2humble_learningRepo/install/my_package/share/my_package/local_setup.dsv
[7.358s] -- Symlinking: /home/mjavadzallaghi/bookros2/ros2humble_learningRepo/install/my_package/share/my_package/package.dsv
[7.373s] -- Symlinking: /home/mjavadzallaghi/bookros2/ros2humble_learningRepo/install/my_package/share/ament_index/resource_index/packages/my_package
[7.387s] -- Symlinking: /home/mjavadzallaghi/bookros2/ros2humble_learningRepo/install/my_package/share/my_package/cmake/ament_cmake_export_dependencies-extras.cmake
[7.400s] -- Symlinking: /home/mjavadzallaghi/bookros2/ros2humble_learningRepo/install/my_package/share/my_package/cmake/my_packageConfig.cmake
[7.428s] -- Symlinking: /home/mjavadzallaghi/bookros2/ros2humble_learningRepo/install/my_package/share/my_package/cmake/my_packageConfig-version.cmake
[7.441s] -- Symlinking: /home/mjavadzallaghi/bookros2/ros2humble_learningRepo/install/my_package/share/my_package/package.xml
[7.458s] Invoked command in '/home/mjavadzallaghi/bookros2/ros2humble_learningRepo/build/my_package' returned '0': CMAKE_PREFIX_PATH=/opt/ros/humble /usr/bin/cmake --install /home/mjavadzallaghi/bookros2/ros2humble_learningRepo/build/my_package
