[0.062s] Invoking command in '/home/mjavadzallaghi/bookros2/ros2humble_learningRepo/build/my_package': CMAKE_PREFIX_PATH=/opt/ros/humble /usr/bin/cmake --build /home/mjavadzallaghi/bookros2/ros2humble_learningRepo/build/my_package -- -j2 -l2
[0.107s] -- Found ament_cmake: 1.3.3 (/opt/ros/humble/share/ament_cmake/cmake)
[0.352s] -- Override CMake install command with custom implementation using symlinks instead of copying resources
[0.372s] -- Found rclcpp: 16.0.3 (/opt/ros/humble/share/rclcpp/cmake)
[0.458s] -- Found rosidl_generator_c: 3.1.4 (/opt/ros/humble/share/rosidl_generator_c/cmake)
[0.464s] -- Found rosidl_adapter: 3.1.4 (/opt/ros/humble/share/rosidl_adapter/cmake)
[0.489s] -- Found rosidl_generator_cpp: 3.1.4 (/opt/ros/humble/share/rosidl_generator_cpp/cmake)
[0.512s] -- Using all available rosidl_typesupport_c: rosidl_typesupport_fastrtps_c;rosidl_typesupport_introspection_c
[0.585s] -- Using all available rosidl_typesupport_cpp: rosidl_typesupport_fastrtps_cpp;rosidl_typesupport_introspection_cpp
[0.715s] -- Found rmw_implementation_cmake: 6.1.1 (/opt/ros/humble/share/rmw_implementation_cmake/cmake)
[0.717s] -- Found rmw_fastrtps_cpp: 6.2.2 (/opt/ros/humble/share/rmw_fastrtps_cpp/cmake)
[0.905s] -- Using RMW implementation 'rmw_fastrtps_cpp' as default
[1.168s] -- Found ament_lint_auto: 0.12.5 (/opt/ros/humble/share/ament_lint_auto/cmake)
[1.279s] -- Added test 'cppcheck' to perform static code analysis on C / C++ code
[1.280s] -- Configured cppcheck include dirs: 
[1.280s] -- Configured cppcheck exclude dirs and/or files: 
[1.283s] -- Added test 'lint_cmake' to check CMake code style
[1.283s] -- Added test 'uncrustify' to check C / C++ code style
[1.283s] -- Configured uncrustify additional arguments: 
[1.286s] -- Added test 'xmllint' to check XML markup files
[1.286s] -- Configuring done
[1.307s] -- Generating done
[1.332s] -- Build files have been written to: /home/mjavadzallaghi/bookros2/ros2humble_learningRepo/build/my_package
[1.409s] [ 50%] [32mBuilding CXX object CMakeFiles/simple.dir/src/simple.cpp.o[0m
[1.556s] In file included from [01m[K/opt/ros/humble/include/rclcpp/rclcpp/subscription_options.hpp:30[m[K,
[1.559s]                  from [01m[K/opt/ros/humble/include/rclcpp/rclcpp/subscription.hpp:45[m[K,
[1.560s]                  from [01m[K/opt/ros/humble/include/rclcpp/rclcpp/any_executable.hpp:25[m[K,
[1.560s]                  from [01m[K/opt/ros/humble/include/rclcpp/rclcpp/memory_strategy.hpp:25[m[K,
[1.560s]                  from [01m[K/opt/ros/humble/include/rclcpp/rclcpp/memory_strategies.hpp:18[m[K,
[1.560s]                  from [01m[K/opt/ros/humble/include/rclcpp/rclcpp/executor_options.hpp:20[m[K,
[1.560s]                  from [01m[K/opt/ros/humble/include/rclcpp/rclcpp/executor.hpp:37[m[K,
[1.560s]                  from [01m[K/opt/ros/humble/include/rclcpp/rclcpp/executors/multi_threaded_executor.hpp:25[m[K,
[1.560s]                  from [01m[K/opt/ros/humble/include/rclcpp/rclcpp/executors.hpp:21[m[K,
[1.560s]                  from [01m[K/opt/ros/humble/include/rclcpp/rclcpp/rclcpp.hpp:155[m[K,
[1.560s]                  from [01m[K/home/mjavadzallaghi/bookros2/ros2humble_learningRepo/src/my_package/src/simple.cpp:1[m[K:
[1.560s] [01m[K/opt/ros/humble/include/rclcpp/rclcpp/qos_overriding_options.hpp:28:10:[m[K [01;31m[Kfatal error: [m[Krcl_interfaces/msg/set_parameters_result.hpp: No such file or directory
[1.560s]    28 | #include [01;31m[K"rcl_interfaces/msg/set_parameters_result.hpp"[m[K
[1.560s]       |          [01;31m[K^~~~~~~~~~~~~~~~~~~~~~~~~~~~~~~~~~~~~~~~~~~~~~[m[K
[1.560s] compilation terminated.
[1.564s] gmake[2]: *** [CMakeFiles/simple.dir/build.make:76: CMakeFiles/simple.dir/src/simple.cpp.o] Error 1
[1.564s] gmake[1]: *** [CMakeFiles/Makefile2:137: CMakeFiles/simple.dir/all] Error 2
[1.568s] gmake: *** [Makefile:146: all] Error 2
[1.569s] Invoked command in '/home/mjavadzallaghi/bookros2/ros2humble_learningRepo/build/my_package' returned '2': CMAKE_PREFIX_PATH=/opt/ros/humble /usr/bin/cmake --build /home/mjavadzallaghi/bookros2/ros2humble_learningRepo/build/my_package -- -j2 -l2
